TN:
SF:backend\server.js
FN:19,(anonymous_0)
FN:20,(anonymous_1)
FN:23,(anonymous_2)
FN:40,(anonymous_3)
FN:47,(anonymous_4)
FNF:5
FNH:1
FNDA:0,(anonymous_0)
FNDA:1,(anonymous_1)
FNDA:0,(anonymous_2)
FNDA:0,(anonymous_3)
FNDA:0,(anonymous_4)
DA:1,1
DA:2,1
DA:3,1
DA:4,1
DA:5,1
DA:8,1
DA:11,1
DA:14,1
DA:15,1
DA:18,1
DA:19,0
DA:20,1
DA:23,1
DA:24,0
DA:28,1
DA:29,1
DA:30,1
DA:31,1
DA:34,1
DA:35,1
DA:36,1
DA:37,1
DA:40,1
DA:41,0
DA:42,0
DA:46,1
DA:47,1
DA:48,0
LF:28
LH:23
BRDA:46,0,0,1
BRDA:46,0,1,1
BRF:2
BRH:2
end_of_record
TN:
SF:backend\middleware\auth.js
FN:5,(anonymous_0)
FN:59,(anonymous_1)
FN:60,(anonymous_2)
FNF:3
FNH:1
FNDA:0,(anonymous_0)
FNDA:8,(anonymous_1)
FNDA:0,(anonymous_2)
DA:1,1
DA:2,1
DA:5,1
DA:6,0
DA:8,0
DA:10,0
DA:11,0
DA:12,0
DA:15,0
DA:17,0
DA:18,0
DA:21,0
DA:23,0
DA:24,0
DA:27,0
DA:28,0
DA:29,0
DA:30,0
DA:31,0
DA:32,0
DA:33,0
DA:34,0
DA:37,0
DA:40,0
DA:41,0
DA:44,0
DA:45,0
DA:47,0
DA:49,0
DA:50,0
DA:53,0
DA:54,0
DA:59,1
DA:60,8
DA:61,0
DA:62,0
DA:65,0
DA:66,0
DA:67,0
DA:68,0
DA:71,0
DA:75,1
LF:42
LH:6
BRDA:10,0,0,0
BRDA:10,0,1,0
BRDA:23,1,0,0
BRDA:23,1,1,0
BRDA:28,2,0,0
BRDA:28,2,1,0
BRDA:61,3,0,0
BRDA:61,3,1,0
BRDA:66,4,0,0
BRDA:66,4,1,0
BRF:10
BRH:0
end_of_record
TN:
SF:backend\models\Cart.js
FN:50,(anonymous_0)
FN:51,(anonymous_1)
FN:57,(anonymous_2)
FNF:3
FNH:0
FNDA:0,(anonymous_0)
FNDA:0,(anonymous_1)
FNDA:0,(anonymous_2)
DA:1,1
DA:3,1
DA:22,1
DA:50,1
DA:51,0
DA:52,0
DA:57,1
DA:58,0
DA:59,0
DA:60,0
DA:64,1
DA:66,1
LF:12
LH:7
BRF:0
BRH:0
end_of_record
TN:
SF:backend\models\Order.js
FN:127,(anonymous_0)
FNF:1
FNH:0
FNDA:0,(anonymous_0)
DA:1,1
DA:3,1
DA:25,1
DA:59,1
DA:124,1
DA:127,1
DA:128,0
DA:129,0
DA:132,1
LF:9
LH:7
BRF:0
BRH:0
end_of_record
TN:
SF:backend\models\Organization.js
FN:44,(anonymous_0)
FNF:1
FNH:0
FNDA:0,(anonymous_0)
DA:1,1
DA:3,1
DA:44,1
DA:45,0
DA:46,0
DA:49,1
LF:6
LH:4
BRF:0
BRH:0
end_of_record
TN:
SF:backend\models\Product.js
FN:60,(anonymous_0)
FNF:1
FNH:0
FNDA:0,(anonymous_0)
DA:1,1
DA:3,1
DA:60,1
DA:61,0
DA:62,0
DA:65,1
LF:6
LH:4
BRF:0
BRH:0
end_of_record
TN:
SF:backend\models\User.js
FN:15,(anonymous_0)
FN:74,(anonymous_1)
FN:81,(anonymous_2)
FN:94,(anonymous_3)
FNF:4
FNH:1
FNDA:0,(anonymous_0)
FNDA:0,(anonymous_1)
FNDA:0,(anonymous_2)
FNDA:9,(anonymous_3)
DA:1,2
DA:3,2
DA:16,0
DA:17,0
DA:19,0
DA:75,0
DA:76,0
DA:82,0
DA:83,0
DA:90,2
DA:91,2
DA:94,2
DA:95,9
DA:97,9
DA:98,0
DA:101,9
DA:102,0
DA:105,9
DA:108,2
LF:19
LH:10
BRDA:16,0,0,0
BRDA:16,0,1,0
BRDA:16,1,0,0
BRDA:16,1,1,0
BRDA:19,2,0,0
BRDA:19,2,1,0
BRDA:19,2,2,0
BRDA:97,3,0,0
BRDA:97,3,1,9
BRDA:101,4,0,0
BRDA:101,4,1,9
BRF:11
BRH:2
end_of_record
TN:
SF:backend\routes\auth.js
FN:10,createDefaultTeamMembers
FN:96,(anonymous_1)
FN:289,(anonymous_2)
FN:310,(anonymous_3)
FN:325,(anonymous_4)
FN:537,(anonymous_5)
FN:592,(anonymous_6)
FN:646,(anonymous_7)
FN:694,(anonymous_8)
FN:754,(anonymous_9)
FNF:10
FNH:0
FNDA:0,createDefaultTeamMembers
FNDA:0,(anonymous_1)
FNDA:0,(anonymous_2)
FNDA:0,(anonymous_3)
FNDA:0,(anonymous_4)
FNDA:0,(anonymous_5)
FNDA:0,(anonymous_6)
FNDA:0,(anonymous_7)
FNDA:0,(anonymous_8)
FNDA:0,(anonymous_9)
DA:1,1
DA:2,1
DA:3,1
DA:4,1
DA:5,1
DA:6,1
DA:7,1
DA:11,0
DA:14,0
DA:52,0
DA:53,0
DA:54,0
DA:57,0
DA:58,0
DA:60,0
DA:65,0
DA:66,0
DA:76,0
DA:77,0
DA:78,0
DA:80,0
DA:83,0
DA:87,0
DA:89,0
DA:96,1
DA:97,0
DA:98,0
DA:100,0
DA:108,0
DA:109,0
DA:110,0
DA:121,0
DA:123,0
DA:124,0
DA:127,0
DA:143,0
DA:144,0
DA:145,0
DA:148,0
DA:149,0
DA:156,0
DA:158,0
DA:159,0
DA:166,0
DA:167,0
DA:168,0
DA:169,0
DA:170,0
DA:171,0
DA:173,0
DA:174,0
DA:175,0
DA:177,0
DA:178,0
DA:185,0
DA:191,0
DA:193,0
DA:194,0
DA:195,0
DA:196,0
DA:197,0
DA:198,0
DA:199,0
DA:201,0
DA:202,0
DA:205,0
DA:206,0
DA:220,0
DA:221,0
DA:227,0
DA:229,0
DA:230,0
DA:234,0
DA:240,0
DA:249,0
DA:251,0
DA:252,0
DA:253,0
DA:256,0
DA:267,0
DA:269,0
DA:282,0
DA:283,0
DA:289,1
DA:290,0
DA:291,0
DA:303,0
DA:304,0
DA:310,1
DA:311,0
DA:312,0
DA:316,0
DA:318,0
DA:319,0
DA:325,1
DA:326,0
DA:327,0
DA:329,0
DA:330,0
DA:334,0
DA:335,0
DA:336,0
DA:340,0
DA:341,0
DA:342,0
DA:349,0
DA:350,0
DA:351,0
DA:355,0
DA:356,0
DA:360,0
DA:366,0
DA:367,0
DA:371,0
DA:372,0
DA:373,0
DA:377,0
DA:384,0
DA:395,0
DA:398,0
DA:409,0
DA:412,0
DA:413,0
DA:414,0
DA:420,0
DA:422,0
DA:440,0
DA:443,0
DA:446,0
DA:483,0
DA:485,0
DA:493,0
DA:503,0
DA:506,0
DA:509,0
DA:510,0
DA:514,0
DA:515,0
DA:520,0
DA:527,0
DA:528,0
DA:537,1
DA:538,0
DA:539,0
DA:541,0
DA:542,0
DA:546,0
DA:547,0
DA:548,0
DA:552,0
DA:553,0
DA:554,0
DA:558,0
DA:559,0
DA:563,0
DA:568,0
DA:569,0
DA:573,0
DA:574,0
DA:578,0
DA:579,0
DA:581,0
DA:583,0
DA:585,0
DA:586,0
DA:592,1
DA:593,0
DA:595,0
DA:596,0
DA:597,0
DA:601,0
DA:606,0
DA:607,0
DA:611,0
DA:612,0
DA:616,0
DA:617,0
DA:621,0
DA:622,0
DA:627,0
DA:628,0
DA:635,0
DA:637,0
DA:639,0
DA:640,0
DA:646,1
DA:647,0
DA:648,0
DA:650,0
DA:651,0
DA:656,0
DA:657,0
DA:659,0
DA:663,0
DA:666,0
DA:667,0
DA:668,0
DA:672,0
DA:673,0
DA:674,0
DA:678,0
DA:687,0
DA:688,0
DA:694,1
DA:695,0
DA:696,0
DA:698,0
DA:699,0
DA:704,0
DA:705,0
DA:707,0
DA:711,0
DA:714,0
DA:720,0
DA:721,0
DA:725,0
DA:726,0
DA:732,0
DA:733,0
DA:734,0
DA:735,0
DA:736,0
DA:737,0
DA:738,0
DA:740,0
DA:742,0
DA:747,0
DA:748,0
DA:754,1
DA:755,0
DA:756,0
DA:758,0
DA:759,0
DA:763,0
DA:764,0
DA:765,0
DA:769,0
DA:770,0
DA:771,0
DA:778,0
DA:779,0
DA:780,0
DA:784,0
DA:785,0
DA:789,0
DA:794,0
DA:795,0
DA:799,0
DA:810,0
DA:812,0
DA:822,0
DA:823,0
DA:830,1
LF:253
LH:17
BRDA:65,0,0,0
BRDA:65,0,1,0
BRDA:108,1,0,0
BRDA:108,1,1,0
BRDA:108,2,0,0
BRDA:108,2,1,0
BRDA:108,2,2,0
BRDA:113,3,0,0
BRDA:113,3,1,0
BRDA:114,4,0,0
BRDA:114,4,1,0
BRDA:115,5,0,0
BRDA:115,5,1,0
BRDA:131,6,0,0
BRDA:131,6,1,0
BRDA:143,7,0,0
BRDA:143,7,1,0
BRDA:158,8,0,0
BRDA:158,8,1,0
BRDA:168,9,0,0
BRDA:168,9,1,0
BRDA:169,10,0,0
BRDA:169,10,1,0
BRDA:191,11,0,0
BRDA:191,11,1,0
BRDA:194,12,0,0
BRDA:194,12,1,0
BRDA:195,13,0,0
BRDA:195,13,1,0
BRDA:209,14,0,0
BRDA:209,14,1,0
BRDA:210,15,0,0
BRDA:210,15,1,0
BRDA:229,16,0,0
BRDA:229,16,1,0
BRDA:230,17,0,0
BRDA:230,17,1,0
BRDA:251,18,0,0
BRDA:251,18,1,0
BRDA:329,19,0,0
BRDA:329,19,1,0
BRDA:335,20,0,0
BRDA:335,20,1,0
BRDA:341,21,0,0
BRDA:341,21,1,0
BRDA:341,22,0,0
BRDA:341,22,1,0
BRDA:350,23,0,0
BRDA:350,23,1,0
BRDA:350,24,0,0
BRDA:350,24,1,0
BRDA:350,24,2,0
BRDA:355,25,0,0
BRDA:355,25,1,0
BRDA:355,26,0,0
BRDA:355,26,1,0
BRDA:366,27,0,0
BRDA:366,27,1,0
BRDA:372,28,0,0
BRDA:372,28,1,0
BRDA:412,29,0,0
BRDA:412,29,1,0
BRDA:412,30,0,0
BRDA:412,30,1,0
BRDA:412,30,2,0
BRDA:424,31,0,0
BRDA:424,31,1,0
BRDA:447,32,0,0
BRDA:447,32,1,0
BRDA:453,33,0,0
BRDA:453,33,1,0
BRDA:453,34,0,0
BRDA:453,34,1,0
BRDA:471,35,0,0
BRDA:471,35,1,0
BRDA:471,36,0,0
BRDA:471,36,1,0
BRDA:509,37,0,0
BRDA:509,37,1,0
BRDA:514,38,0,0
BRDA:514,38,1,0
BRDA:541,39,0,0
BRDA:541,39,1,0
BRDA:547,40,0,0
BRDA:547,40,1,0
BRDA:553,41,0,0
BRDA:553,41,1,0
BRDA:553,42,0,0
BRDA:553,42,1,0
BRDA:553,42,2,0
BRDA:558,43,0,0
BRDA:558,43,1,0
BRDA:558,44,0,0
BRDA:558,44,1,0
BRDA:568,45,0,0
BRDA:568,45,1,0
BRDA:573,46,0,0
BRDA:573,46,1,0
BRDA:573,47,0,0
BRDA:573,47,1,0
BRDA:596,48,0,0
BRDA:596,48,1,0
BRDA:596,49,0,0
BRDA:596,49,1,0
BRDA:596,49,2,0
BRDA:606,50,0,0
BRDA:606,50,1,0
BRDA:611,51,0,0
BRDA:611,51,1,0
BRDA:616,52,0,0
BRDA:616,52,1,0
BRDA:616,53,0,0
BRDA:616,53,1,0
BRDA:621,54,0,0
BRDA:621,54,1,0
BRDA:627,55,0,0
BRDA:627,55,1,0
BRDA:650,56,0,0
BRDA:650,56,1,0
BRDA:667,57,0,0
BRDA:667,57,1,0
BRDA:673,58,0,0
BRDA:673,58,1,0
BRDA:698,59,0,0
BRDA:698,59,1,0
BRDA:720,60,0,0
BRDA:720,60,1,0
BRDA:725,61,0,0
BRDA:725,61,1,0
BRDA:733,62,0,0
BRDA:733,62,1,0
BRDA:734,63,0,0
BRDA:734,63,1,0
BRDA:758,64,0,0
BRDA:758,64,1,0
BRDA:764,65,0,0
BRDA:764,65,1,0
BRDA:770,66,0,0
BRDA:770,66,1,0
BRDA:770,67,0,0
BRDA:770,67,1,0
BRDA:779,68,0,0
BRDA:779,68,1,0
BRDA:779,69,0,0
BRDA:779,69,1,0
BRDA:779,69,2,0
BRDA:784,70,0,0
BRDA:784,70,1,0
BRDA:784,71,0,0
BRDA:784,71,1,0
BRDA:794,72,0,0
BRDA:794,72,1,0
BRF:152
BRH:0
end_of_record
TN:
SF:backend\routes\cart.js
FN:12,(anonymous_0)
FN:42,(anonymous_1)
FN:81,(anonymous_2)
FN:110,(anonymous_3)
FN:133,(anonymous_4)
FN:162,(anonymous_5)
FN:177,(anonymous_6)
FN:201,(anonymous_7)
FNF:8
FNH:0
FNDA:0,(anonymous_0)
FNDA:0,(anonymous_1)
FNDA:0,(anonymous_2)
FNDA:0,(anonymous_3)
FNDA:0,(anonymous_4)
FNDA:0,(anonymous_5)
FNDA:0,(anonymous_6)
FNDA:0,(anonymous_7)
DA:1,1
DA:2,1
DA:3,1
DA:4,1
DA:5,1
DA:8,1
DA:12,1
DA:13,0
DA:15,0
DA:21,0
DA:22,0
DA:27,0
DA:31,0
DA:33,0
DA:35,0
DA:36,0
DA:42,1
DA:43,0
DA:44,0
DA:46,0
DA:47,0
DA:51,0
DA:57,0
DA:58,0
DA:62,0
DA:63,0
DA:67,0
DA:72,0
DA:73,0
DA:81,0
DA:83,0
DA:85,0
DA:88,0
DA:96,0
DA:99,0
DA:101,0
DA:103,0
DA:104,0
DA:110,1
DA:111,0
DA:112,0
DA:114,0
DA:115,0
DA:118,0
DA:119,0
DA:123,0
DA:128,0
DA:129,0
DA:133,0
DA:135,0
DA:136,0
DA:139,0
DA:141,0
DA:144,0
DA:148,0
DA:151,0
DA:153,0
DA:155,0
DA:156,0
DA:162,1
DA:163,0
DA:164,0
DA:167,0
DA:172,0
DA:173,0
DA:177,0
DA:179,0
DA:180,0
DA:184,0
DA:187,0
DA:190,0
DA:192,0
DA:194,0
DA:195,0
DA:201,1
DA:202,0
DA:204,0
DA:209,0
DA:210,0
DA:214,0
DA:217,0
DA:219,0
DA:221,0
DA:222,0
DA:226,1
LF:85
LH:12
BRDA:21,0,0,0
BRDA:21,0,1,0
BRDA:46,1,0,0
BRDA:46,1,1,0
BRDA:57,2,0,0
BRDA:57,2,1,0
BRDA:62,3,0,0
BRDA:62,3,1,0
BRDA:72,4,0,0
BRDA:72,4,1,0
BRDA:83,5,0,0
BRDA:83,5,1,0
BRDA:85,6,0,0
BRDA:85,6,1,0
BRDA:90,7,0,0
BRDA:90,7,1,0
BRDA:114,8,0,0
BRDA:114,8,1,0
BRDA:114,9,0,0
BRDA:114,9,1,0
BRDA:118,10,0,0
BRDA:118,10,1,0
BRDA:128,11,0,0
BRDA:128,11,1,0
BRDA:135,12,0,0
BRDA:135,12,1,0
BRDA:139,13,0,0
BRDA:139,13,1,0
BRDA:172,14,0,0
BRDA:172,14,1,0
BRDA:179,15,0,0
BRDA:179,15,1,0
BRDA:209,16,0,0
BRDA:209,16,1,0
BRF:34
BRH:0
end_of_record
TN:
SF:backend\routes\orders.js
FN:13,(anonymous_0)
FN:31,(anonymous_1)
FN:49,(anonymous_2)
FN:79,(anonymous_3)
FN:115,(anonymous_4)
FN:121,(anonymous_5)
FN:166,(anonymous_6)
FN:221,(anonymous_7)
FN:252,(anonymous_8)
FNF:9
FNH:0
FNDA:0,(anonymous_0)
FNDA:0,(anonymous_1)
FNDA:0,(anonymous_2)
FNDA:0,(anonymous_3)
FNDA:0,(anonymous_4)
FNDA:0,(anonymous_5)
FNDA:0,(anonymous_6)
FNDA:0,(anonymous_7)
FNDA:0,(anonymous_8)
DA:1,1
DA:2,1
DA:3,1
DA:4,1
DA:5,1
DA:6,1
DA:9,1
DA:13,1
DA:14,0
DA:15,0
DA:22,0
DA:24,0
DA:25,0
DA:31,1
DA:32,0
DA:33,0
DA:40,0
DA:42,0
DA:43,0
DA:49,1
DA:50,0
DA:52,0
DA:58,0
DA:59,0
DA:62,0
DA:66,0
DA:67,0
DA:70,0
DA:72,0
DA:73,0
DA:79,1
DA:80,0
DA:81,0
DA:83,0
DA:84,0
DA:88,0
DA:93,0
DA:94,0
DA:98,0
DA:99,0
DA:101,0
DA:102,0
DA:107,0
DA:108,0
DA:115,0
DA:116,0
DA:117,0
DA:118,0
DA:121,0
DA:129,0
DA:142,0
DA:145,0
DA:146,0
DA:153,0
DA:154,0
DA:157,0
DA:159,0
DA:160,0
DA:166,1
DA:167,0
DA:168,0
DA:170,0
DA:171,0
DA:174,0
DA:175,0
DA:178,0
DA:183,0
DA:184,0
DA:188,0
DA:189,0
DA:190,0
DA:198,0
DA:199,0
DA:200,0
DA:207,0
DA:208,0
DA:210,0
DA:212,0
DA:214,0
DA:215,0
DA:221,1
DA:222,0
DA:223,0
DA:225,0
DA:226,0
DA:229,0
DA:234,0
DA:235,0
DA:238,0
DA:239,0
DA:241,0
DA:243,0
DA:245,0
DA:246,0
DA:252,1
DA:253,0
DA:254,0
DA:256,0
DA:257,0
DA:260,0
DA:265,0
DA:266,0
DA:269,0
DA:270,0
DA:272,0
DA:274,0
DA:276,0
DA:277,0
DA:281,1
LF:109
LH:15
BRDA:58,0,0,0
BRDA:58,0,1,0
BRDA:66,1,0,0
BRDA:66,1,1,0
BRDA:83,2,0,0
BRDA:83,2,1,0
BRDA:83,3,0,0
BRDA:83,3,1,0
BRDA:93,4,0,0
BRDA:93,4,1,0
BRDA:93,5,0,0
BRDA:93,5,1,0
BRDA:101,6,0,0
BRDA:101,6,1,0
BRDA:107,7,0,0
BRDA:107,7,1,0
BRDA:117,8,0,0
BRDA:117,8,1,0
BRDA:170,9,0,0
BRDA:170,9,1,0
BRDA:174,10,0,0
BRDA:174,10,1,0
BRDA:183,11,0,0
BRDA:183,11,1,0
BRDA:188,12,0,0
BRDA:188,12,1,0
BRDA:188,13,0,0
BRDA:188,13,1,0
BRDA:198,14,0,0
BRDA:198,14,1,0
BRDA:198,15,0,0
BRDA:198,15,1,0
BRDA:225,16,0,0
BRDA:225,16,1,0
BRDA:234,17,0,0
BRDA:234,17,1,0
BRDA:256,18,0,0
BRDA:256,18,1,0
BRDA:265,19,0,0
BRDA:265,19,1,0
BRF:40
BRH:0
end_of_record
TN:
SF:backend\routes\products.js
FN:11,(anonymous_0)
FN:28,(anonymous_1)
FN:46,(anonymous_2)
FN:66,(anonymous_3)
FN:96,(anonymous_4)
FN:132,(anonymous_5)
FN:165,(anonymous_6)
FNF:7
FNH:0
FNDA:0,(anonymous_0)
FNDA:0,(anonymous_1)
FNDA:0,(anonymous_2)
FNDA:0,(anonymous_3)
FNDA:0,(anonymous_4)
FNDA:0,(anonymous_5)
FNDA:0,(anonymous_6)
DA:1,1
DA:2,1
DA:3,1
DA:4,1
DA:7,1
DA:11,1
DA:12,0
DA:13,0
DA:19,0
DA:21,0
DA:22,0
DA:28,1
DA:29,0
DA:30,0
DA:37,0
DA:39,0
DA:40,0
DA:46,1
DA:47,0
DA:48,0
DA:53,0
DA:54,0
DA:57,0
DA:59,0
DA:60,0
DA:66,1
DA:67,0
DA:68,0
DA:70,0
DA:71,0
DA:74,0
DA:85,0
DA:87,0
DA:89,0
DA:90,0
DA:96,1
DA:97,0
DA:98,0
DA:101,0
DA:106,0
DA:107,0
DA:111,0
DA:112,0
DA:113,0
DA:114,0
DA:115,0
DA:116,0
DA:117,0
DA:119,0
DA:121,0
DA:123,0
DA:125,0
DA:126,0
DA:132,1
DA:133,0
DA:134,0
DA:136,0
DA:137,0
DA:141,0
DA:146,0
DA:147,0
DA:151,0
DA:152,0
DA:154,0
DA:156,0
DA:158,0
DA:159,0
DA:165,1
DA:166,0
DA:167,0
DA:172,0
DA:173,0
DA:176,0
DA:178,0
DA:179,0
DA:183,1
LF:76
LH:13
BRDA:53,0,0,0
BRDA:53,0,1,0
BRDA:70,1,0,0
BRDA:70,1,1,0
BRDA:70,2,0,0
BRDA:70,2,1,0
BRDA:70,2,2,0
BRDA:78,3,0,0
BRDA:78,3,1,0
BRDA:79,4,0,0
BRDA:79,4,1,0
BRDA:80,5,0,0
BRDA:80,5,1,0
BRDA:106,6,0,0
BRDA:106,6,1,0
BRDA:111,7,0,0
BRDA:111,7,1,0
BRDA:112,8,0,0
BRDA:112,8,1,0
BRDA:113,9,0,0
BRDA:113,9,1,0
BRDA:114,10,0,0
BRDA:114,10,1,0
BRDA:115,11,0,0
BRDA:115,11,1,0
BRDA:116,12,0,0
BRDA:116,12,1,0
BRDA:117,13,0,0
BRDA:117,13,1,0
BRDA:136,14,0,0
BRDA:136,14,1,0
BRDA:146,15,0,0
BRDA:146,15,1,0
BRDA:172,16,0,0
BRDA:172,16,1,0
BRF:35
BRH:0
end_of_record
